polybar|notice:  Parsing config file: /home/thunder/.config/polybar/config
polybar|notice:  Loaded font "Iosevka Nerd Font:size=11" (name=Iosevka, offset=4, file=/home/thunder/.local/share/fonts/iosevka_nerd_font.ttf)
polybar|notice:  Loaded font "feather:size=11" (name=feather, offset=3, file=/home/thunder/.local/share/fonts/feather.ttf)
polybar|notice:  Termination signal received, shutting down...
polybar|warn:  module/i3: Attempting to reconnect socket (reason: Unexpected EOF while reading header)
polybar|notice:  Parsing config file: /home/thunder/.config/polybar/config
polybar|notice:  Loaded font "Iosevka Nerd Font:size=11" (name=Iosevka, offset=4, file=/home/thunder/.local/share/fonts/iosevka_nerd_font.ttf)
polybar|notice:  Loaded font "feather:size=11" (name=feather, offset=3, file=/home/thunder/.local/share/fonts/feather.ttf)
polybar|warn:  module/i3: Attempting to reconnect socket (reason: Unexpected EOF while reading header)
polybar|error: module/i3: Failed to reconnect socket (reason: Failed to read header from socket 0xc: errno 104 (Connection reset by peer))
polybar|warn:  module/i3: Attempting to reconnect socket (reason: Unexpected EOF while reading header)
polybar|error: module/i3: Failed to reconnect socket (reason: Failed to connect to i3: errno 111 (Connection refused))
polybar|warn:  module/i3: Attempting to reconnect socket (reason: Failed to read header from socket 0xc: errno 22 (Invalid argument))
polybar|error: module/i3: Failed to reconnect socket (reason: Failed to connect to i3: errno 111 (Connection refused))
polybar|warn:  module/i3: Attempting to reconnect socket (reason: Failed to read header from socket 0xc: errno 22 (Invalid argument))
polybar|error: module/i3: Failed to reconnect socket (reason: Failed to connect to i3: errno 111 (Connection refused))
polybar|warn:  module/i3: Attempting to reconnect socket (reason: Failed to read header from socket 0xc: errno 22 (Invalid argument))
polybar|notice:  Termination signal received, shutting down...
polybar|warn:  module/i3: Attempting to reconnect socket (reason: Unexpected EOF while reading header)
polybar|notice:  Parsing config file: /home/thunder/.config/polybar/config
polybar|notice:  Loaded font "Iosevka Nerd Font:size=11" (name=Iosevka, offset=4, file=/home/thunder/.local/share/fonts/iosevka_nerd_font.ttf)
polybar|notice:  Loaded font "feather:size=11" (name=feather, offset=3, file=/home/thunder/.local/share/fonts/feather.ttf)
polybar|notice:  Termination signal received, shutting down...
polybar|warn:  module/i3: Attempting to reconnect socket (reason: Unexpected EOF while reading header)
polybar|notice:  Parsing config file: /home/thunder/.config/polybar/config
polybar|notice:  Loaded font "Iosevka Nerd Font:size=11" (name=Iosevka, offset=4, file=/home/thunder/.local/share/fonts/iosevka_nerd_font.ttf)
polybar|notice:  Loaded font "feather:size=11" (name=feather, offset=3, file=/home/thunder/.local/share/fonts/feather.ttf)
polybar|notice:  Termination signal received, shutting down...
polybar|warn:  module/i3: Attempting to reconnect socket (reason: Unexpected EOF while reading header)
polybar|notice:  Parsing config file: /home/thunder/.config/polybar/config
polybar|notice:  Loaded font "Iosevka Nerd Font:size=11" (name=Iosevka, offset=4, file=/home/thunder/.local/share/fonts/iosevka_nerd_font.ttf)
polybar|notice:  Loaded font "feather:size=11" (name=feather, offset=3, file=/home/thunder/.local/share/fonts/feather.ttf)
polybar|notice:  Termination signal received, shutting down...
polybar|warn:  module/i3: Attempting to reconnect socket (reason: Unexpected EOF while reading header)
polybar|notice:  Parsing config file: /home/thunder/.config/polybar/config
polybar|notice:  Loaded font "Iosevka Nerd Font:size=11" (name=Iosevka, offset=4, file=/home/thunder/.local/share/fonts/iosevka_nerd_font.ttf)
polybar|notice:  Loaded font "feather:size=11" (name=feather, offset=3, file=/home/thunder/.local/share/fonts/feather.ttf)
polybar|notice:  Termination signal received, shutting down...
polybar|warn:  module/i3: Attempting to reconnect socket (reason: Unexpected EOF while reading header)
polybar|notice:  Parsing config file: /home/thunder/.config/polybar/config
polybar|notice:  Loaded font "Iosevka Nerd Font:size=11" (name=Iosevka, offset=4, file=/home/thunder/.local/share/fonts/iosevka_nerd_font.ttf)
polybar|notice:  Loaded font "feather:size=11" (name=feather, offset=3, file=/home/thunder/.local/share/fonts/feather.ttf)
polybar|notice:  Termination signal received, shutting down...
polybar|warn:  module/i3: Attempting to reconnect socket (reason: Unexpected EOF while reading header)
polybar|notice:  Parsing config file: /home/thunder/.config/polybar/config
polybar|notice:  Loaded font "Iosevka Nerd Font:size=11" (name=Iosevka, offset=4, file=/home/thunder/.local/share/fonts/iosevka_nerd_font.ttf)
polybar|notice:  Loaded font "feather:size=11" (name=feather, offset=3, file=/home/thunder/.local/share/fonts/feather.ttf)
polybar|notice:  Termination signal received, shutting down...
polybar|warn:  module/i3: Attempting to reconnect socket (reason: Unexpected EOF while reading header)
polybar|notice:  Parsing config file: /home/thunder/.config/polybar/config
polybar|notice:  Loaded font "Iosevka Nerd Font:size=11" (name=Iosevka, offset=4, file=/home/thunder/.local/share/fonts/iosevka_nerd_font.ttf)
polybar|notice:  Loaded font "feather:size=11" (name=feather, offset=3, file=/home/thunder/.local/share/fonts/feather.ttf)
polybar|notice:  Termination signal received, shutting down...
polybar|warn:  module/i3: Attempting to reconnect socket (reason: Unexpected EOF while reading header)
polybar|notice:  Parsing config file: /home/thunder/.config/polybar/config
polybar|notice:  Loaded font "Iosevka Nerd Font:size=11" (name=Iosevka, offset=4, file=/home/thunder/.local/share/fonts/iosevka_nerd_font.ttf)
polybar|notice:  Loaded font "feather:size=11" (name=feather, offset=3, file=/home/thunder/.local/share/fonts/feather.ttf)
polybar|notice:  Termination signal received, shutting down...
polybar|warn:  module/i3: Attempting to reconnect socket (reason: Unexpected EOF while reading header)
polybar|notice:  Parsing config file: /home/thunder/.config/polybar/config
polybar|notice:  Loaded font "Iosevka Nerd Font:size=11" (name=Iosevka, offset=4, file=/home/thunder/.local/share/fonts/iosevka_nerd_font.ttf)
polybar|notice:  Loaded font "feather:size=11" (name=feather, offset=3, file=/home/thunder/.local/share/fonts/feather.ttf)
polybar|notice:  Termination signal received, shutting down...
polybar|warn:  module/i3: Attempting to reconnect socket (reason: Unexpected EOF while reading header)
polybar|notice:  Parsing config file: /home/thunder/.config/polybar/config
polybar|notice:  Loaded font "Iosevka Nerd Font:size=11" (name=Iosevka, offset=4, file=/home/thunder/.local/share/fonts/iosevka_nerd_font.ttf)
polybar|notice:  Loaded font "feather:size=11" (name=feather, offset=3, file=/home/thunder/.local/share/fonts/feather.ttf)
polybar|error: tray: Failed to put tray above 0x0a00002 in the stack (XCB_MATCH (8))
polybar|warn:  module/i3: Attempting to reconnect socket (reason: Unexpected EOF while reading header)
polybar|error: module/i3: Failed to reconnect socket (reason: Failed to connect to i3: errno 2 (No such file or directory))
polybar|warn:  module/i3: Attempting to reconnect socket (reason: Failed to read header from socket 0xc: errno 22 (Invalid argument))
polybar|error: module/i3: Failed to reconnect socket (reason: Failed to connect to i3: errno 2 (No such file or directory))
polybar|notice:  Termination signal received, shutting down...
polybar|notice:  Parsing config file: /home/thunder/.config/polybar/config
polybar|notice:  Loaded font "Iosevka Nerd Font:size=11" (name=Iosevka, offset=4, file=/home/thunder/.local/share/fonts/iosevka_nerd_font.ttf)
polybar|notice:  Loaded font "feather:size=11" (name=feather, offset=3, file=/home/thunder/.local/share/fonts/feather.ttf)
polybar|notice:  Termination signal received, shutting down...
polybar|warn:  module/i3: Attempting to reconnect socket (reason: Unexpected EOF while reading header)
polybar|notice:  Parsing config file: /home/thunder/.config/polybar/config
polybar|notice:  Loaded font "Iosevka Nerd Font:size=11" (name=Iosevka, offset=4, file=/home/thunder/.local/share/fonts/iosevka_nerd_font.ttf)
polybar|notice:  Loaded font "feather:size=11" (name=feather, offset=3, file=/home/thunder/.local/share/fonts/feather.ttf)
polybar|notice:  randr_screen_change_notify (3840x1200)... reloading
polybar|notice:  Termination signal received, shutting down...
polybar|notice:  Parsing config file: /home/thunder/.config/polybar/config
polybar|notice:  Loaded font "Iosevka Nerd Font:size=11" (name=Iosevka, offset=4, file=/home/thunder/.local/share/fonts/iosevka_nerd_font.ttf)
polybar|notice:  Loaded font "feather:size=11" (name=feather, offset=3, file=/home/thunder/.local/share/fonts/feather.ttf)
polybar|notice:  randr_screen_change_notify (3840x1200)... reloading
polybar|notice:  Termination signal received, shutting down...
polybar|warn:  module/i3: Attempting to reconnect socket (reason: Unexpected EOF while reading header)
polybar|notice:  Parsing config file: /home/thunder/.config/polybar/config
polybar|notice:  Loaded font "Iosevka Nerd Font:size=11" (name=Iosevka, offset=4, file=/home/thunder/.local/share/fonts/iosevka_nerd_font.ttf)
polybar|notice:  Loaded font "feather:size=11" (name=feather, offset=3, file=/home/thunder/.local/share/fonts/feather.ttf)
polybar|warn:  module/i3: Attempting to reconnect socket (reason: Unexpected EOF while reading header)
polybar|error: module/i3: Failed to reconnect socket (reason: Failed to read header from socket 0xc: errno 104 (Connection reset by peer))
polybar|warn:  module/i3: Attempting to reconnect socket (reason: Unexpected EOF while reading header)
polybar|error: module/i3: Failed to reconnect socket (reason: Failed to connect to i3: errno 111 (Connection refused))
polybar|warn:  module/i3: Attempting to reconnect socket (reason: Failed to read header from socket 0xc: errno 22 (Invalid argument))
polybar|error: module/i3: Failed to reconnect socket (reason: Failed to connect to i3: errno 111 (Connection refused))
polybar|warn:  module/i3: Attempting to reconnect socket (reason: Failed to read header from socket 0xc: errno 22 (Invalid argument))
polybar|error: module/i3: Failed to reconnect socket (reason: Failed to connect to i3: errno 111 (Connection refused))
polybar|warn:  module/i3: Attempting to reconnect socket (reason: Failed to read header from socket 0xc: errno 22 (Invalid argument))
polybar|error: module/i3: Failed to reconnect socket (reason: Failed to connect to i3: errno 111 (Connection refused))
polybar|warn:  module/i3: Attempting to reconnect socket (reason: Failed to read header from socket 0xc: errno 22 (Invalid argument))
polybar|error: module/i3: Failed to reconnect socket (reason: Failed to connect to i3: errno 111 (Connection refused))
polybar|warn:  module/i3: Attempting to reconnect socket (reason: Failed to read header from socket 0xc: errno 22 (Invalid argument))
polybar|error: module/i3: Failed to reconnect socket (reason: Failed to connect to i3: errno 111 (Connection refused))
polybar|warn:  module/i3: Attempting to reconnect socket (reason: Failed to read header from socket 0xc: errno 22 (Invalid argument))
polybar|notice:  Termination signal received, shutting down...
polybar|warn:  module/i3: Attempting to reconnect socket (reason: Unexpected EOF while reading header)
Usage: polybar [OPTION]... BAR

  -h, --help                   Display this help and exit
  -v, --version                Display build details and exit
  -l, --log=LEVEL              Set the logging verbosity (default: notice)
                               LEVEL is one of: error, warning, notice, info, trace
  -q, --quiet                  Be quiet (will override -l)
  -c, --config=FILE            Path to the configuration file
  -r, --reload                 Reload when the configuration has been modified
  -d, --dump=PARAM             Print value of PARAM in bar section and exit
  -m, --list-monitors          Print list of available monitors and exit (Removes cloned monitors)
  -M, --list-all-monitors      Print list of all available monitors (Including cloned monitors) and exit
  -w, --print-wmname           Print the generated WM_NAME and exit
  -s, --stdout                 Output data to stdout instead of drawing it to the X window
  -p, --png=FILE               Save png snapshot to FILE after running for 3 seconds

Unrecognized argument "1"
Usage: polybar [OPTION]... BAR

  -h, --help                   Display this help and exit
  -v, --version                Display build details and exit
  -l, --log=LEVEL              Set the logging verbosity (default: notice)
                               LEVEL is one of: error, warning, notice, info, trace
  -q, --quiet                  Be quiet (will override -l)
  -c, --config=FILE            Path to the configuration file
  -r, --reload                 Reload when the configuration has been modified
  -d, --dump=PARAM             Print value of PARAM in bar section and exit
  -m, --list-monitors          Print list of available monitors and exit (Removes cloned monitors)
  -M, --list-all-monitors      Print list of all available monitors (Including cloned monitors) and exit
  -w, --print-wmname           Print the generated WM_NAME and exit
  -s, --stdout                 Output data to stdout instead of drawing it to the X window
  -p, --png=FILE               Save png snapshot to FILE after running for 3 seconds

polybar|notice:  Parsing config file: /home/thunder/.config/polybar/config
polybar|notice:  Loaded font "Iosevka Nerd Font:size=11" (name=Iosevka, offset=4, file=/home/thunder/.local/share/fonts/iosevka_nerd_font.ttf)
polybar|notice:  Loaded font "feather:size=11" (name=feather, offset=3, file=/home/thunder/.local/share/fonts/feather.ttf)
polybar|warn:  module/i3: Attempting to reconnect socket (reason: Unexpected EOF while reading header)
polybar|error: module/i3: Failed to reconnect socket (reason: Failed to read header from socket 0xd: errno 104 (Connection reset by peer))
polybar|warn:  module/i3: Attempting to reconnect socket (reason: Unexpected EOF while reading header)
polybar|error: module/i3: Failed to reconnect socket (reason: Failed to connect to i3: errno 111 (Connection refused))
polybar|warn:  module/i3: Attempting to reconnect socket (reason: Failed to read header from socket 0xd: errno 22 (Invalid argument))
polybar|error: module/i3: Failed to reconnect socket (reason: Failed to connect to i3: errno 111 (Connection refused))
polybar|warn:  module/i3: Attempting to reconnect socket (reason: Failed to read header from socket 0xd: errno 22 (Invalid argument))
polybar|error: module/i3: Failed to reconnect socket (reason: Failed to connect to i3: errno 111 (Connection refused))
polybar|warn:  module/i3: Attempting to reconnect socket (reason: Failed to read header from socket 0xd: errno 22 (Invalid argument))
polybar|error: module/i3: Failed to reconnect socket (reason: Failed to connect to i3: errno 111 (Connection refused))
polybar|warn:  module/i3: Attempting to reconnect socket (reason: Failed to read header from socket 0xd: errno 22 (Invalid argument))
polybar|error: module/i3: Failed to reconnect socket (reason: Failed to connect to i3: errno 111 (Connection refused))
polybar|warn:  module/i3: Attempting to reconnect socket (reason: Failed to read header from socket 0xd: errno 22 (Invalid argument))
polybar|warn:  Lost systray selection, deactivating...
polybar|warn:  module/i3: Attempting to reconnect socket (reason: Unexpected EOF while reading header)
polybar|error: tray: Failed to put tray above 0x4800002 in the stack (XCB_MATCH (8))
polybar|error: module/i3: Failed to reconnect socket (reason: Failed to read header from socket 0xd: errno 104 (Connection reset by peer))
polybar|warn:  module/i3: Attempting to reconnect socket (reason: Unexpected EOF while reading header)
polybar|error: module/i3: Failed to reconnect socket (reason: Failed to connect to i3: errno 111 (Connection refused))
polybar|warn:  module/i3: Attempting to reconnect socket (reason: Failed to read header from socket 0xd: errno 22 (Invalid argument))
polybar|error: module/i3: Failed to reconnect socket (reason: Failed to connect to i3: errno 111 (Connection refused))
polybar|warn:  module/i3: Attempting to reconnect socket (reason: Failed to read header from socket 0xd: errno 22 (Invalid argument))
polybar|error: module/i3: Failed to reconnect socket (reason: Failed to connect to i3: errno 111 (Connection refused))
polybar|warn:  module/i3: Attempting to reconnect socket (reason: Failed to read header from socket 0xd: errno 22 (Invalid argument))
polybar|error: module/i3: Failed to reconnect socket (reason: Failed to connect to i3: errno 111 (Connection refused))
polybar|warn:  module/i3: Attempting to reconnect socket (reason: Failed to read header from socket 0xd: errno 22 (Invalid argument))
polybar|error: module/i3: Failed to reconnect socket (reason: Failed to connect to i3: errno 111 (Connection refused))
polybar|warn:  module/i3: Attempting to reconnect socket (reason: Failed to read header from socket 0xd: errno 22 (Invalid argument))
polybar|error: module/i3: Failed to reconnect socket (reason: Failed to connect to i3: errno 111 (Connection refused))
polybar|warn:  module/i3: Attempting to reconnect socket (reason: Failed to read header from socket 0xd: errno 22 (Invalid argument))
polybar|warn:  Lost systray selection, deactivating...
polybar|warn:  module/i3: Attempting to reconnect socket (reason: Unexpected EOF while reading header)
polybar|error: module/i3: Failed to reconnect socket (reason: Failed to read header from socket 0xd: errno 104 (Connection reset by peer))
polybar|warn:  module/i3: Attempting to reconnect socket (reason: Unexpected EOF while reading header)
polybar|error: module/i3: Failed to reconnect socket (reason: Failed to connect to i3: errno 111 (Connection refused))
polybar|warn:  module/i3: Attempting to reconnect socket (reason: Failed to read header from socket 0xd: errno 22 (Invalid argument))
polybar|error: module/i3: Failed to reconnect socket (reason: Failed to connect to i3: errno 111 (Connection refused))
polybar|warn:  module/i3: Attempting to reconnect socket (reason: Failed to read header from socket 0xd: errno 22 (Invalid argument))
polybar|error: module/i3: Failed to reconnect socket (reason: Failed to connect to i3: errno 111 (Connection refused))
polybar|warn:  module/i3: Attempting to reconnect socket (reason: Failed to read header from socket 0xd: errno 22 (Invalid argument))
polybar|error: module/i3: Failed to reconnect socket (reason: Failed to connect to i3: errno 111 (Connection refused))
polybar|warn:  module/i3: Attempting to reconnect socket (reason: Failed to read header from socket 0xd: errno 22 (Invalid argument))
polybar|error: module/i3: Failed to reconnect socket (reason: Failed to connect to i3: errno 111 (Connection refused))
polybar|warn:  module/i3: Attempting to reconnect socket (reason: Failed to read header from socket 0xd: errno 22 (Invalid argument))
polybar|warn:  Lost systray selection, deactivating...
polybar|warn:  module/i3: Attempting to reconnect socket (reason: Unexpected EOF while reading header)
polybar|error: tray: Failed to put tray above 0x4800002 in the stack (XCB_MATCH (8))
polybar|error: module/i3: Failed to reconnect socket (reason: Failed to read header from socket 0xd: errno 104 (Connection reset by peer))
polybar|warn:  module/i3: Attempting to reconnect socket (reason: Unexpected EOF while reading header)
polybar|error: module/i3: Failed to reconnect socket (reason: Failed to connect to i3: errno 111 (Connection refused))
polybar|warn:  module/i3: Attempting to reconnect socket (reason: Failed to read header from socket 0xd: errno 22 (Invalid argument))
polybar|error: module/i3: Failed to reconnect socket (reason: Failed to connect to i3: errno 111 (Connection refused))
polybar|warn:  module/i3: Attempting to reconnect socket (reason: Failed to read header from socket 0xd: errno 22 (Invalid argument))
polybar|error: module/i3: Failed to reconnect socket (reason: Failed to connect to i3: errno 111 (Connection refused))
polybar|warn:  module/i3: Attempting to reconnect socket (reason: Failed to read header from socket 0xd: errno 22 (Invalid argument))
polybar|error: module/i3: Failed to reconnect socket (reason: Failed to connect to i3: errno 111 (Connection refused))
polybar|warn:  module/i3: Attempting to reconnect socket (reason: Failed to read header from socket 0xd: errno 22 (Invalid argument))
polybar|error: module/i3: Failed to reconnect socket (reason: Failed to connect to i3: errno 111 (Connection refused))
polybar|warn:  module/i3: Attempting to reconnect socket (reason: Failed to read header from socket 0xd: errno 22 (Invalid argument))
polybar|warn:  Lost systray selection, deactivating...
polybar|warn:  module/i3: Attempting to reconnect socket (reason: Unexpected EOF while reading header)
polybar|error: tray: Failed to put tray above 0x4800002 in the stack (XCB_MATCH (8))
polybar|error: module/i3: Failed to reconnect socket (reason: Failed to read header from socket 0xd: errno 104 (Connection reset by peer))
polybar|warn:  module/i3: Attempting to reconnect socket (reason: Unexpected EOF while reading header)
polybar|error: module/i3: Failed to reconnect socket (reason: Failed to connect to i3: errno 111 (Connection refused))
polybar|warn:  module/i3: Attempting to reconnect socket (reason: Failed to read header from socket 0xd: errno 22 (Invalid argument))
polybar|error: module/i3: Failed to reconnect socket (reason: Failed to connect to i3: errno 111 (Connection refused))
polybar|warn:  module/i3: Attempting to reconnect socket (reason: Failed to read header from socket 0xd: errno 22 (Invalid argument))
polybar|error: module/i3: Failed to reconnect socket (reason: Failed to connect to i3: errno 111 (Connection refused))
polybar|warn:  module/i3: Attempting to reconnect socket (reason: Failed to read header from socket 0xd: errno 22 (Invalid argument))
polybar|error: module/i3: Failed to reconnect socket (reason: Failed to connect to i3: errno 111 (Connection refused))
polybar|warn:  module/i3: Attempting to reconnect socket (reason: Failed to read header from socket 0xd: errno 22 (Invalid argument))
polybar|error: module/i3: Failed to reconnect socket (reason: Failed to connect to i3: errno 111 (Connection refused))
polybar|warn:  module/i3: Attempting to reconnect socket (reason: Failed to read header from socket 0xd: errno 22 (Invalid argument))
polybar|error: module/i3: Failed to reconnect socket (reason: Failed to connect to i3: errno 111 (Connection refused))
polybar|warn:  module/i3: Attempting to reconnect socket (reason: Failed to read header from socket 0xd: errno 22 (Invalid argument))
polybar|warn:  Lost systray selection, deactivating...
polybar|error: tray: Failed to put tray above 0x4800002 in the stack (XCB_MATCH (8))
polybar|warn:  Systray selection already managed (window=0x3c0000c)
polybar|warn:  module/i3: Attempting to reconnect socket (reason: Unexpected EOF while reading header)
polybar|error: tray: Failed to put tray above 0x4800002 in the stack (XCB_MATCH (8))
polybar|error: module/i3: Failed to reconnect socket (reason: Failed to read header from socket 0xd: errno 104 (Connection reset by peer))
polybar|warn:  module/i3: Attempting to reconnect socket (reason: Unexpected EOF while reading header)
polybar|error: module/i3: Failed to reconnect socket (reason: Failed to connect to i3: errno 111 (Connection refused))
polybar|warn:  module/i3: Attempting to reconnect socket (reason: Failed to read header from socket 0xd: errno 22 (Invalid argument))
polybar|error: module/i3: Failed to reconnect socket (reason: Failed to connect to i3: errno 111 (Connection refused))
polybar|warn:  module/i3: Attempting to reconnect socket (reason: Failed to read header from socket 0xd: errno 22 (Invalid argument))
polybar|error: module/i3: Failed to reconnect socket (reason: Failed to connect to i3: errno 111 (Connection refused))
polybar|warn:  module/i3: Attempting to reconnect socket (reason: Failed to read header from socket 0xd: errno 22 (Invalid argument))
polybar|error: module/i3: Failed to reconnect socket (reason: Failed to connect to i3: errno 111 (Connection refused))
polybar|warn:  module/i3: Attempting to reconnect socket (reason: Failed to read header from socket 0xd: errno 22 (Invalid argument))
polybar|error: module/i3: Failed to reconnect socket (reason: Failed to connect to i3: errno 111 (Connection refused))
polybar|warn:  module/i3: Attempting to reconnect socket (reason: Failed to read header from socket 0xd: errno 22 (Invalid argument))
polybar|warn:  Lost systray selection, deactivating...
polybar|warn:  module/i3: Attempting to reconnect socket (reason: Unexpected EOF while reading header)
polybar|error: tray: Failed to put tray above 0x4800002 in the stack (XCB_MATCH (8))
polybar|error: module/i3: Failed to reconnect socket (reason: Failed to read header from socket 0xd: errno 104 (Connection reset by peer))
polybar|warn:  module/i3: Attempting to reconnect socket (reason: Unexpected EOF while reading header)
polybar|error: module/i3: Failed to reconnect socket (reason: Failed to connect to i3: errno 111 (Connection refused))
polybar|warn:  module/i3: Attempting to reconnect socket (reason: Failed to read header from socket 0xd: errno 22 (Invalid argument))
polybar|error: module/i3: Failed to reconnect socket (reason: Failed to connect to i3: errno 111 (Connection refused))
polybar|warn:  module/i3: Attempting to reconnect socket (reason: Failed to read header from socket 0xd: errno 22 (Invalid argument))
polybar|error: module/i3: Failed to reconnect socket (reason: Failed to connect to i3: errno 111 (Connection refused))
polybar|warn:  module/i3: Attempting to reconnect socket (reason: Failed to read header from socket 0xd: errno 22 (Invalid argument))
polybar|error: module/i3: Failed to reconnect socket (reason: Failed to connect to i3: errno 111 (Connection refused))
polybar|warn:  module/i3: Attempting to reconnect socket (reason: Failed to read header from socket 0xd: errno 22 (Invalid argument))
polybar|error: module/i3: Failed to reconnect socket (reason: Failed to connect to i3: errno 111 (Connection refused))
polybar|warn:  module/i3: Attempting to reconnect socket (reason: Failed to read header from socket 0xd: errno 22 (Invalid argument))
polybar|warn:  Lost systray selection, deactivating...
polybar|warn:  module/i3: Attempting to reconnect socket (reason: Unexpected EOF while reading header)
polybar|error: tray: Failed to put tray above 0x4800002 in the stack (XCB_MATCH (8))
polybar|error: module/i3: Failed to reconnect socket (reason: Failed to read header from socket 0xd: errno 104 (Connection reset by peer))
polybar|warn:  module/i3: Attempting to reconnect socket (reason: Unexpected EOF while reading header)
polybar|error: module/i3: Failed to reconnect socket (reason: Failed to connect to i3: errno 111 (Connection refused))
polybar|warn:  module/i3: Attempting to reconnect socket (reason: Failed to read header from socket 0xd: errno 22 (Invalid argument))
polybar|error: module/i3: Failed to reconnect socket (reason: Failed to connect to i3: errno 111 (Connection refused))
polybar|warn:  module/i3: Attempting to reconnect socket (reason: Failed to read header from socket 0xd: errno 22 (Invalid argument))
polybar|error: module/i3: Failed to reconnect socket (reason: Failed to connect to i3: errno 111 (Connection refused))
polybar|warn:  module/i3: Attempting to reconnect socket (reason: Failed to read header from socket 0xd: errno 22 (Invalid argument))
polybar|error: module/i3: Failed to reconnect socket (reason: Failed to connect to i3: errno 111 (Connection refused))
polybar|warn:  module/i3: Attempting to reconnect socket (reason: Failed to read header from socket 0xd: errno 22 (Invalid argument))
polybar|error: module/i3: Failed to reconnect socket (reason: Failed to connect to i3: errno 111 (Connection refused))
polybar|warn:  module/i3: Attempting to reconnect socket (reason: Failed to read header from socket 0xd: errno 22 (Invalid argument))
polybar|warn:  Lost systray selection, deactivating...
polybar|error: tray: Failed to put tray above 0x4800002 in the stack (XCB_MATCH (8))
polybar|warn:  Systray selection already managed (window=0x3c0000c)
polybar|warn:  module/i3: Attempting to reconnect socket (reason: Unexpected EOF while reading header)
polybar|error: tray: Failed to put tray above 0x4800002 in the stack (XCB_MATCH (8))
polybar|error: module/i3: Failed to reconnect socket (reason: Failed to read header from socket 0xd: errno 104 (Connection reset by peer))
polybar|warn:  module/i3: Attempting to reconnect socket (reason: Unexpected EOF while reading header)
polybar|error: module/i3: Failed to reconnect socket (reason: Failed to connect to i3: errno 111 (Connection refused))
polybar|warn:  module/i3: Attempting to reconnect socket (reason: Failed to read header from socket 0xd: errno 22 (Invalid argument))
polybar|error: module/i3: Failed to reconnect socket (reason: Failed to connect to i3: errno 111 (Connection refused))
polybar|warn:  module/i3: Attempting to reconnect socket (reason: Failed to read header from socket 0xd: errno 22 (Invalid argument))
polybar|error: module/i3: Failed to reconnect socket (reason: Failed to connect to i3: errno 111 (Connection refused))
polybar|warn:  module/i3: Attempting to reconnect socket (reason: Failed to read header from socket 0xd: errno 22 (Invalid argument))
polybar|error: module/i3: Failed to reconnect socket (reason: Failed to connect to i3: errno 111 (Connection refused))
polybar|warn:  module/i3: Attempting to reconnect socket (reason: Failed to read header from socket 0xd: errno 22 (Invalid argument))
polybar|warn:  Lost systray selection, deactivating...
polybar|warn:  module/i3: Attempting to reconnect socket (reason: Unexpected EOF while reading header)
polybar|error: tray: Failed to put tray above 0x4800002 in the stack (XCB_MATCH (8))
polybar|error: module/i3: Failed to reconnect socket (reason: Failed to read header from socket 0xd: errno 104 (Connection reset by peer))
polybar|warn:  module/i3: Attempting to reconnect socket (reason: Unexpected EOF while reading header)
polybar|error: module/i3: Failed to reconnect socket (reason: Failed to connect to i3: errno 111 (Connection refused))
polybar|warn:  module/i3: Attempting to reconnect socket (reason: Failed to read header from socket 0xd: errno 22 (Invalid argument))
polybar|error: module/i3: Failed to reconnect socket (reason: Failed to connect to i3: errno 111 (Connection refused))
polybar|warn:  module/i3: Attempting to reconnect socket (reason: Failed to read header from socket 0xd: errno 22 (Invalid argument))
polybar|error: module/i3: Failed to reconnect socket (reason: Failed to connect to i3: errno 111 (Connection refused))
polybar|warn:  module/i3: Attempting to reconnect socket (reason: Failed to read header from socket 0xd: errno 22 (Invalid argument))
polybar|error: module/i3: Failed to reconnect socket (reason: Failed to connect to i3: errno 111 (Connection refused))
polybar|warn:  module/i3: Attempting to reconnect socket (reason: Failed to read header from socket 0xd: errno 22 (Invalid argument))
polybar|error: module/i3: Failed to reconnect socket (reason: Failed to connect to i3: errno 111 (Connection refused))
polybar|warn:  module/i3: Attempting to reconnect socket (reason: Failed to read header from socket 0xd: errno 22 (Invalid argument))
polybar|error: module/i3: Failed to reconnect socket (reason: Failed to connect to i3: errno 111 (Connection refused))
polybar|warn:  module/i3: Attempting to reconnect socket (reason: Failed to read header from socket 0xd: errno 22 (Invalid argument))
polybar|error: module/i3: Failed to reconnect socket (reason: Failed to connect to i3: errno 111 (Connection refused))
polybar|warn:  module/i3: Attempting to reconnect socket (reason: Failed to read header from socket 0xd: errno 22 (Invalid argument))
polybar|error: module/i3: Failed to reconnect socket (reason: Failed to connect to i3: errno 111 (Connection refused))
polybar|warn:  module/i3: Attempting to reconnect socket (reason: Failed to read header from socket 0xd: errno 22 (Invalid argument))
polybar|warn:  Lost systray selection, deactivating...
polybar|warn:  module/i3: Attempting to reconnect socket (reason: Unexpected EOF while reading header)
polybar|error: tray: Failed to put tray above 0x4800002 in the stack (XCB_MATCH (8))
polybar|error: module/i3: Failed to reconnect socket (reason: Failed to read header from socket 0xd: errno 104 (Connection reset by peer))
polybar|warn:  module/i3: Attempting to reconnect socket (reason: Unexpected EOF while reading header)
polybar|error: module/i3: Failed to reconnect socket (reason: Failed to connect to i3: errno 111 (Connection refused))
polybar|warn:  module/i3: Attempting to reconnect socket (reason: Failed to read header from socket 0xd: errno 22 (Invalid argument))
polybar|error: module/i3: Failed to reconnect socket (reason: Failed to connect to i3: errno 111 (Connection refused))
polybar|warn:  module/i3: Attempting to reconnect socket (reason: Failed to read header from socket 0xd: errno 22 (Invalid argument))
polybar|error: module/i3: Failed to reconnect socket (reason: Failed to connect to i3: errno 111 (Connection refused))
polybar|warn:  module/i3: Attempting to reconnect socket (reason: Failed to read header from socket 0xd: errno 22 (Invalid argument))
polybar|error: module/i3: Failed to reconnect socket (reason: Failed to connect to i3: errno 111 (Connection refused))
polybar|warn:  module/i3: Attempting to reconnect socket (reason: Failed to read header from socket 0xd: errno 22 (Invalid argument))
polybar|warn:  Lost systray selection, deactivating...
polybar|warn:  module/i3: Attempting to reconnect socket (reason: Unexpected EOF while reading header)
polybar|error: tray: Failed to put tray above 0x4800002 in the stack (XCB_MATCH (8))
polybar|error: module/i3: Failed to reconnect socket (reason: Failed to read header from socket 0xd: errno 104 (Connection reset by peer))
polybar|warn:  module/i3: Attempting to reconnect socket (reason: Unexpected EOF while reading header)
polybar|error: module/i3: Failed to reconnect socket (reason: Failed to connect to i3: errno 111 (Connection refused))
polybar|warn:  module/i3: Attempting to reconnect socket (reason: Failed to read header from socket 0xd: errno 22 (Invalid argument))
polybar|error: module/i3: Failed to reconnect socket (reason: Failed to connect to i3: errno 111 (Connection refused))
polybar|warn:  module/i3: Attempting to reconnect socket (reason: Failed to read header from socket 0xd: errno 22 (Invalid argument))
polybar|error: module/i3: Failed to reconnect socket (reason: Failed to connect to i3: errno 111 (Connection refused))
polybar|warn:  module/i3: Attempting to reconnect socket (reason: Failed to read header from socket 0xd: errno 22 (Invalid argument))
polybar|error: module/i3: Failed to reconnect socket (reason: Failed to connect to i3: errno 111 (Connection refused))
polybar|warn:  module/i3: Attempting to reconnect socket (reason: Failed to read header from socket 0xd: errno 22 (Invalid argument))
polybar|error: module/i3: Failed to reconnect socket (reason: Failed to connect to i3: errno 111 (Connection refused))
polybar|warn:  module/i3: Attempting to reconnect socket (reason: Failed to read header from socket 0xd: errno 22 (Invalid argument))
polybar|warn:  Lost systray selection, deactivating...
polybar|warn:  module/i3: Attempting to reconnect socket (reason: Unexpected EOF while reading header)
polybar|error: tray: Failed to put tray above 0x4800002 in the stack (XCB_MATCH (8))
polybar|error: module/i3: Failed to reconnect socket (reason: Failed to read header from socket 0xd: errno 104 (Connection reset by peer))
polybar|warn:  module/i3: Attempting to reconnect socket (reason: Unexpected EOF while reading header)
polybar|error: module/i3: Failed to reconnect socket (reason: Failed to connect to i3: errno 111 (Connection refused))
polybar|warn:  module/i3: Attempting to reconnect socket (reason: Failed to read header from socket 0xd: errno 22 (Invalid argument))
polybar|error: module/i3: Failed to reconnect socket (reason: Failed to connect to i3: errno 111 (Connection refused))
polybar|warn:  module/i3: Attempting to reconnect socket (reason: Failed to read header from socket 0xd: errno 22 (Invalid argument))
polybar|error: module/i3: Failed to reconnect socket (reason: Failed to connect to i3: errno 111 (Connection refused))
polybar|warn:  module/i3: Attempting to reconnect socket (reason: Failed to read header from socket 0xd: errno 22 (Invalid argument))
polybar|error: module/i3: Failed to reconnect socket (reason: Failed to connect to i3: errno 111 (Connection refused))
polybar|warn:  module/i3: Attempting to reconnect socket (reason: Failed to read header from socket 0xd: errno 22 (Invalid argument))
polybar|error: module/i3: Failed to reconnect socket (reason: Failed to connect to i3: errno 111 (Connection refused))
polybar|warn:  module/i3: Attempting to reconnect socket (reason: Failed to read header from socket 0xd: errno 22 (Invalid argument))
polybar|error: module/i3: Failed to reconnect socket (reason: Failed to connect to i3: errno 111 (Connection refused))
polybar|warn:  module/i3: Attempting to reconnect socket (reason: Failed to read header from socket 0xd: errno 22 (Invalid argument))
polybar|warn:  Lost systray selection, deactivating...
polybar|error: tray: Failed to put tray above 0x4800002 in the stack (XCB_MATCH (8))
polybar|warn:  Systray selection already managed (window=0x3c0000c)
polybar|warn:  module/i3: Attempting to reconnect socket (reason: Unexpected EOF while reading header)
polybar|error: tray: Failed to put tray above 0x4800002 in the stack (XCB_MATCH (8))
polybar|error: module/i3: Failed to reconnect socket (reason: Failed to read header from socket 0xd: errno 104 (Connection reset by peer))
polybar|warn:  module/i3: Attempting to reconnect socket (reason: Unexpected EOF while reading header)
polybar|error: module/i3: Failed to reconnect socket (reason: Failed to connect to i3: errno 111 (Connection refused))
polybar|warn:  module/i3: Attempting to reconnect socket (reason: Failed to read header from socket 0xd: errno 22 (Invalid argument))
polybar|error: module/i3: Failed to reconnect socket (reason: Failed to connect to i3: errno 111 (Connection refused))
polybar|warn:  module/i3: Attempting to reconnect socket (reason: Failed to read header from socket 0xd: errno 22 (Invalid argument))
polybar|error: module/i3: Failed to reconnect socket (reason: Failed to connect to i3: errno 111 (Connection refused))
polybar|warn:  module/i3: Attempting to reconnect socket (reason: Failed to read header from socket 0xd: errno 22 (Invalid argument))
polybar|error: module/i3: Failed to reconnect socket (reason: Failed to connect to i3: errno 111 (Connection refused))
polybar|warn:  module/i3: Attempting to reconnect socket (reason: Failed to read header from socket 0xd: errno 22 (Invalid argument))
polybar|warn:  Lost systray selection, deactivating...
polybar|warn:  module/i3: Attempting to reconnect socket (reason: Unexpected EOF while reading header)
polybar|error: tray: Failed to put tray above 0x4800002 in the stack (XCB_MATCH (8))
polybar|error: module/i3: Failed to reconnect socket (reason: Failed to read header from socket 0xd: errno 104 (Connection reset by peer))
polybar|warn:  module/i3: Attempting to reconnect socket (reason: Unexpected EOF while reading header)
polybar|error: module/i3: Failed to reconnect socket (reason: Failed to connect to i3: errno 111 (Connection refused))
polybar|warn:  module/i3: Attempting to reconnect socket (reason: Failed to read header from socket 0xd: errno 22 (Invalid argument))
polybar|error: module/i3: Failed to reconnect socket (reason: Failed to connect to i3: errno 111 (Connection refused))
polybar|warn:  module/i3: Attempting to reconnect socket (reason: Failed to read header from socket 0xd: errno 22 (Invalid argument))
polybar|error: module/i3: Failed to reconnect socket (reason: Failed to connect to i3: errno 111 (Connection refused))
polybar|warn:  module/i3: Attempting to reconnect socket (reason: Failed to read header from socket 0xd: errno 22 (Invalid argument))
polybar|error: module/i3: Failed to reconnect socket (reason: Failed to connect to i3: errno 111 (Connection refused))
polybar|warn:  module/i3: Attempting to reconnect socket (reason: Failed to read header from socket 0xd: errno 22 (Invalid argument))
polybar|error: module/i3: Failed to reconnect socket (reason: Failed to connect to i3: errno 111 (Connection refused))
polybar|warn:  module/i3: Attempting to reconnect socket (reason: Failed to read header from socket 0xd: errno 22 (Invalid argument))
polybar|warn:  Lost systray selection, deactivating...
polybar|error: tray: Failed to put tray above 0x4800002 in the stack (XCB_MATCH (8))
polybar|warn:  Systray selection already managed (window=0x3c0000c)
polybar|warn:  module/i3: Attempting to reconnect socket (reason: Unexpected EOF while reading header)
polybar|error: tray: Failed to put tray above 0x4800002 in the stack (XCB_MATCH (8))
polybar|error: module/i3: Failed to reconnect socket (reason: Failed to read header from socket 0xd: errno 104 (Connection reset by peer))
polybar|warn:  module/i3: Attempting to reconnect socket (reason: Unexpected EOF while reading header)
polybar|error: module/i3: Failed to reconnect socket (reason: Failed to connect to i3: errno 111 (Connection refused))
polybar|warn:  module/i3: Attempting to reconnect socket (reason: Failed to read header from socket 0xd: errno 22 (Invalid argument))
polybar|error: module/i3: Failed to reconnect socket (reason: Failed to connect to i3: errno 111 (Connection refused))
polybar|warn:  module/i3: Attempting to reconnect socket (reason: Failed to read header from socket 0xd: errno 22 (Invalid argument))
polybar|error: module/i3: Failed to reconnect socket (reason: Failed to connect to i3: errno 111 (Connection refused))
polybar|warn:  module/i3: Attempting to reconnect socket (reason: Failed to read header from socket 0xd: errno 22 (Invalid argument))
polybar|error: module/i3: Failed to reconnect socket (reason: Failed to connect to i3: errno 111 (Connection refused))
polybar|warn:  module/i3: Attempting to reconnect socket (reason: Failed to read header from socket 0xd: errno 22 (Invalid argument))
polybar|warn:  Lost systray selection, deactivating...
polybar|error: tray: Failed to put tray above 0x4800002 in the stack (XCB_MATCH (8))
polybar|warn:  Systray selection already managed (window=0x3c0000c)
polybar|warn:  module/i3: Attempting to reconnect socket (reason: Unexpected EOF while reading header)
polybar|error: tray: Failed to put tray above 0x4800002 in the stack (XCB_MATCH (8))
polybar|error: module/i3: Failed to reconnect socket (reason: Failed to read header from socket 0xd: errno 104 (Connection reset by peer))
polybar|warn:  module/i3: Attempting to reconnect socket (reason: Unexpected EOF while reading header)
polybar|error: module/i3: Failed to reconnect socket (reason: Failed to connect to i3: errno 111 (Connection refused))
polybar|warn:  module/i3: Attempting to reconnect socket (reason: Failed to read header from socket 0xd: errno 22 (Invalid argument))
polybar|error: module/i3: Failed to reconnect socket (reason: Failed to connect to i3: errno 111 (Connection refused))
polybar|warn:  module/i3: Attempting to reconnect socket (reason: Failed to read header from socket 0xd: errno 22 (Invalid argument))
polybar|error: module/i3: Failed to reconnect socket (reason: Failed to connect to i3: errno 111 (Connection refused))
polybar|warn:  module/i3: Attempting to reconnect socket (reason: Failed to read header from socket 0xd: errno 22 (Invalid argument))
polybar|error: module/i3: Failed to reconnect socket (reason: Failed to connect to i3: errno 111 (Connection refused))
polybar|warn:  module/i3: Attempting to reconnect socket (reason: Failed to read header from socket 0xd: errno 22 (Invalid argument))
polybar|error: module/i3: Failed to reconnect socket (reason: Failed to connect to i3: errno 111 (Connection refused))
polybar|warn:  module/i3: Attempting to reconnect socket (reason: Failed to read header from socket 0xd: errno 22 (Invalid argument))
polybar|error: module/i3: Failed to reconnect socket (reason: Failed to connect to i3: errno 111 (Connection refused))
polybar|warn:  module/i3: Attempting to reconnect socket (reason: Failed to read header from socket 0xd: errno 22 (Invalid argument))
polybar|warn:  Lost systray selection, deactivating...
polybar|error: tray: Failed to put tray above 0x4800002 in the stack (XCB_MATCH (8))
polybar|warn:  Systray selection already managed (window=0x3c0000c)
polybar|warn:  module/i3: Attempting to reconnect socket (reason: Unexpected EOF while reading header)
polybar|error: tray: Failed to put tray above 0x4800002 in the stack (XCB_MATCH (8))
polybar|error: module/i3: Failed to reconnect socket (reason: Failed to read header from socket 0xd: errno 104 (Connection reset by peer))
polybar|warn:  module/i3: Attempting to reconnect socket (reason: Unexpected EOF while reading header)
polybar|error: module/i3: Failed to reconnect socket (reason: Failed to connect to i3: errno 111 (Connection refused))
polybar|warn:  module/i3: Attempting to reconnect socket (reason: Failed to read header from socket 0xd: errno 22 (Invalid argument))
polybar|error: module/i3: Failed to reconnect socket (reason: Failed to connect to i3: errno 111 (Connection refused))
polybar|warn:  module/i3: Attempting to reconnect socket (reason: Failed to read header from socket 0xd: errno 22 (Invalid argument))
polybar|error: module/i3: Failed to reconnect socket (reason: Failed to connect to i3: errno 111 (Connection refused))
polybar|warn:  module/i3: Attempting to reconnect socket (reason: Failed to read header from socket 0xd: errno 22 (Invalid argument))
polybar|error: module/i3: Failed to reconnect socket (reason: Failed to connect to i3: errno 111 (Connection refused))
polybar|warn:  module/i3: Attempting to reconnect socket (reason: Failed to read header from socket 0xd: errno 22 (Invalid argument))
polybar|error: module/i3: Failed to reconnect socket (reason: Failed to connect to i3: errno 111 (Connection refused))
polybar|warn:  module/i3: Attempting to reconnect socket (reason: Failed to read header from socket 0xd: errno 22 (Invalid argument))
polybar|warn:  Lost systray selection, deactivating...
polybar|error: tray: Failed to put tray above 0x4800002 in the stack (XCB_MATCH (8))
polybar|warn:  Systray selection already managed (window=0x3c0000c)
polybar|warn:  module/i3: Attempting to reconnect socket (reason: Unexpected EOF while reading header)
polybar|error: tray: Failed to put tray above 0x4800002 in the stack (XCB_MATCH (8))
polybar|warn:  Systray selection already managed (window=0x3c0000c)
polybar|error: module/i3: Failed to reconnect socket (reason: Failed to read header from socket 0xd: errno 104 (Connection reset by peer))
polybar|warn:  module/i3: Attempting to reconnect socket (reason: Unexpected EOF while reading header)
polybar|error: module/i3: Failed to reconnect socket (reason: Failed to connect to i3: errno 111 (Connection refused))
polybar|warn:  module/i3: Attempting to reconnect socket (reason: Failed to read header from socket 0xd: errno 22 (Invalid argument))
polybar|error: module/i3: Failed to reconnect socket (reason: Failed to connect to i3: errno 111 (Connection refused))
polybar|warn:  module/i3: Attempting to reconnect socket (reason: Failed to read header from socket 0xd: errno 22 (Invalid argument))
polybar|error: module/i3: Failed to reconnect socket (reason: Failed to connect to i3: errno 111 (Connection refused))
polybar|warn:  module/i3: Attempting to reconnect socket (reason: Failed to read header from socket 0xd: errno 22 (Invalid argument))
polybar|error: module/i3: Failed to reconnect socket (reason: Failed to connect to i3: errno 111 (Connection refused))
polybar|warn:  module/i3: Attempting to reconnect socket (reason: Failed to read header from socket 0xd: errno 22 (Invalid argument))
polybar|warn:  Lost systray selection, deactivating...
polybar|warn:  module/i3: Attempting to reconnect socket (reason: Unexpected EOF while reading header)
polybar|error: tray: Failed to put tray above 0x4800002 in the stack (XCB_MATCH (8))
polybar|error: module/i3: Failed to reconnect socket (reason: Failed to read header from socket 0xd: errno 104 (Connection reset by peer))
polybar|warn:  module/i3: Attempting to reconnect socket (reason: Unexpected EOF while reading header)
polybar|error: module/i3: Failed to reconnect socket (reason: Failed to connect to i3: errno 111 (Connection refused))
polybar|warn:  module/i3: Attempting to reconnect socket (reason: Failed to read header from socket 0xd: errno 22 (Invalid argument))
polybar|error: module/i3: Failed to reconnect socket (reason: Failed to connect to i3: errno 111 (Connection refused))
polybar|warn:  module/i3: Attempting to reconnect socket (reason: Failed to read header from socket 0xd: errno 22 (Invalid argument))
polybar|error: module/i3: Failed to reconnect socket (reason: Failed to connect to i3: errno 111 (Connection refused))
polybar|warn:  module/i3: Attempting to reconnect socket (reason: Failed to read header from socket 0xd: errno 22 (Invalid argument))
polybar|error: module/i3: Failed to reconnect socket (reason: Failed to connect to i3: errno 111 (Connection refused))
polybar|warn:  module/i3: Attempting to reconnect socket (reason: Failed to read header from socket 0xd: errno 22 (Invalid argument))
polybar|error: module/i3: Failed to reconnect socket (reason: Failed to connect to i3: errno 111 (Connection refused))
polybar|warn:  module/i3: Attempting to reconnect socket (reason: Failed to read header from socket 0xd: errno 22 (Invalid argument))
polybar|warn:  Lost systray selection, deactivating...
polybar|error: tray: Failed to put tray above 0x4800002 in the stack (XCB_MATCH (8))
polybar|warn:  Systray selection already managed (window=0x3c0000c)
polybar|warn:  module/i3: Attempting to reconnect socket (reason: Unexpected EOF while reading header)
polybar|error: tray: Failed to put tray above 0x4800002 in the stack (XCB_MATCH (8))
polybar|error: module/i3: Failed to reconnect socket (reason: Failed to read header from socket 0xd: errno 104 (Connection reset by peer))
polybar|warn:  module/i3: Attempting to reconnect socket (reason: Unexpected EOF while reading header)
polybar|error: module/i3: Failed to reconnect socket (reason: Failed to connect to i3: errno 111 (Connection refused))
polybar|warn:  module/i3: Attempting to reconnect socket (reason: Failed to read header from socket 0xd: errno 22 (Invalid argument))
polybar|error: module/i3: Failed to reconnect socket (reason: Failed to connect to i3: errno 111 (Connection refused))
polybar|warn:  module/i3: Attempting to reconnect socket (reason: Failed to read header from socket 0xd: errno 22 (Invalid argument))
polybar|error: module/i3: Failed to reconnect socket (reason: Failed to connect to i3: errno 111 (Connection refused))
polybar|warn:  module/i3: Attempting to reconnect socket (reason: Failed to read header from socket 0xd: errno 22 (Invalid argument))
polybar|error: module/i3: Failed to reconnect socket (reason: Failed to connect to i3: errno 111 (Connection refused))
polybar|warn:  module/i3: Attempting to reconnect socket (reason: Failed to read header from socket 0xd: errno 22 (Invalid argument))
polybar|warn:  Lost systray selection, deactivating...
polybar|warn:  module/i3: Attempting to reconnect socket (reason: Unexpected EOF while reading header)
polybar|error: tray: Failed to put tray above 0x4800002 in the stack (XCB_MATCH (8))
polybar|error: module/i3: Failed to reconnect socket (reason: Failed to read header from socket 0xd: errno 104 (Connection reset by peer))
polybar|warn:  module/i3: Attempting to reconnect socket (reason: Unexpected EOF while reading header)
polybar|error: module/i3: Failed to reconnect socket (reason: Failed to connect to i3: errno 111 (Connection refused))
polybar|warn:  module/i3: Attempting to reconnect socket (reason: Failed to read header from socket 0xd: errno 22 (Invalid argument))
polybar|error: module/i3: Failed to reconnect socket (reason: Failed to connect to i3: errno 111 (Connection refused))
polybar|warn:  module/i3: Attempting to reconnect socket (reason: Failed to read header from socket 0xd: errno 22 (Invalid argument))
polybar|error: module/i3: Failed to reconnect socket (reason: Failed to connect to i3: errno 111 (Connection refused))
polybar|warn:  module/i3: Attempting to reconnect socket (reason: Failed to read header from socket 0xd: errno 22 (Invalid argument))
polybar|error: module/i3: Failed to reconnect socket (reason: Failed to connect to i3: errno 111 (Connection refused))
polybar|warn:  module/i3: Attempting to reconnect socket (reason: Failed to read header from socket 0xd: errno 22 (Invalid argument))
polybar|warn:  Lost systray selection, deactivating...
polybar|error: tray: Failed to put tray above 0x4800002 in the stack (XCB_MATCH (8))
polybar|warn:  Systray selection already managed (window=0x3c0000c)
polybar|warn:  module/i3: Attempting to reconnect socket (reason: Unexpected EOF while reading header)
polybar|error: tray: Failed to put tray above 0x4800002 in the stack (XCB_MATCH (8))
polybar|error: module/i3: Failed to reconnect socket (reason: Failed to read header from socket 0xd: errno 104 (Connection reset by peer))
polybar|warn:  module/i3: Attempting to reconnect socket (reason: Unexpected EOF while reading header)
polybar|error: module/i3: Failed to reconnect socket (reason: Failed to connect to i3: errno 111 (Connection refused))
polybar|warn:  module/i3: Attempting to reconnect socket (reason: Failed to read header from socket 0xd: errno 22 (Invalid argument))
polybar|error: module/i3: Failed to reconnect socket (reason: Failed to connect to i3: errno 111 (Connection refused))
polybar|warn:  module/i3: Attempting to reconnect socket (reason: Failed to read header from socket 0xd: errno 22 (Invalid argument))
polybar|error: module/i3: Failed to reconnect socket (reason: Failed to connect to i3: errno 111 (Connection refused))
polybar|warn:  module/i3: Attempting to reconnect socket (reason: Failed to read header from socket 0xd: errno 22 (Invalid argument))
polybar|error: module/i3: Failed to reconnect socket (reason: Failed to connect to i3: errno 111 (Connection refused))
polybar|warn:  module/i3: Attempting to reconnect socket (reason: Failed to read header from socket 0xd: errno 22 (Invalid argument))
polybar|warn:  Lost systray selection, deactivating...
polybar|error: tray: Failed to put tray above 0x4800002 in the stack (XCB_MATCH (8))
polybar|warn:  Systray selection already managed (window=0x3c0000c)
polybar|warn:  module/i3: Attempting to reconnect socket (reason: Unexpected EOF while reading header)
polybar|error: tray: Failed to put tray above 0x4800002 in the stack (XCB_MATCH (8))
polybar|error: module/i3: Failed to reconnect socket (reason: Failed to read header from socket 0xd: errno 104 (Connection reset by peer))
polybar|warn:  module/i3: Attempting to reconnect socket (reason: Unexpected EOF while reading header)
polybar|error: module/i3: Failed to reconnect socket (reason: Failed to connect to i3: errno 111 (Connection refused))
polybar|warn:  module/i3: Attempting to reconnect socket (reason: Failed to read header from socket 0xd: errno 22 (Invalid argument))
polybar|error: module/i3: Failed to reconnect socket (reason: Failed to connect to i3: errno 111 (Connection refused))
polybar|warn:  module/i3: Attempting to reconnect socket (reason: Failed to read header from socket 0xd: errno 22 (Invalid argument))
polybar|error: module/i3: Failed to reconnect socket (reason: Failed to connect to i3: errno 111 (Connection refused))
polybar|warn:  module/i3: Attempting to reconnect socket (reason: Failed to read header from socket 0xd: errno 22 (Invalid argument))
polybar|error: module/i3: Failed to reconnect socket (reason: Failed to connect to i3: errno 111 (Connection refused))
polybar|warn:  module/i3: Attempting to reconnect socket (reason: Failed to read header from socket 0xd: errno 22 (Invalid argument))
polybar|warn:  Lost systray selection, deactivating...
polybar|warn:  module/i3: Attempting to reconnect socket (reason: Unexpected EOF while reading header)
polybar|error: tray: Failed to put tray above 0x4800002 in the stack (XCB_MATCH (8))
polybar|error: module/i3: Failed to reconnect socket (reason: Failed to read header from socket 0xd: errno 104 (Connection reset by peer))
polybar|warn:  module/i3: Attempting to reconnect socket (reason: Unexpected EOF while reading header)
polybar|error: module/i3: Failed to reconnect socket (reason: Failed to connect to i3: errno 111 (Connection refused))
polybar|warn:  module/i3: Attempting to reconnect socket (reason: Failed to read header from socket 0xd: errno 22 (Invalid argument))
polybar|error: module/i3: Failed to reconnect socket (reason: Failed to connect to i3: errno 111 (Connection refused))
polybar|warn:  module/i3: Attempting to reconnect socket (reason: Failed to read header from socket 0xd: errno 22 (Invalid argument))
polybar|error: module/i3: Failed to reconnect socket (reason: Failed to connect to i3: errno 111 (Connection refused))
polybar|warn:  module/i3: Attempting to reconnect socket (reason: Failed to read header from socket 0xd: errno 22 (Invalid argument))
polybar|error: module/i3: Failed to reconnect socket (reason: Failed to connect to i3: errno 111 (Connection refused))
polybar|warn:  module/i3: Attempting to reconnect socket (reason: Failed to read header from socket 0xd: errno 22 (Invalid argument))
polybar|error: module/i3: Failed to reconnect socket (reason: Failed to connect to i3: errno 111 (Connection refused))
polybar|warn:  module/i3: Attempting to reconnect socket (reason: Failed to read header from socket 0xd: errno 22 (Invalid argument))
polybar|warn:  Lost systray selection, deactivating...
polybar|warn:  module/i3: Attempting to reconnect socket (reason: Unexpected EOF while reading header)
polybar|error: tray: Failed to put tray above 0x4800002 in the stack (XCB_MATCH (8))
polybar|error: module/i3: Failed to reconnect socket (reason: Failed to read header from socket 0xd: errno 104 (Connection reset by peer))
polybar|warn:  module/i3: Attempting to reconnect socket (reason: Unexpected EOF while reading header)
polybar|error: module/i3: Failed to reconnect socket (reason: Failed to connect to i3: errno 111 (Connection refused))
polybar|warn:  module/i3: Attempting to reconnect socket (reason: Failed to read header from socket 0xd: errno 22 (Invalid argument))
polybar|error: module/i3: Failed to reconnect socket (reason: Failed to connect to i3: errno 111 (Connection refused))
polybar|warn:  module/i3: Attempting to reconnect socket (reason: Failed to read header from socket 0xd: errno 22 (Invalid argument))
polybar|error: module/i3: Failed to reconnect socket (reason: Failed to connect to i3: errno 111 (Connection refused))
polybar|warn:  module/i3: Attempting to reconnect socket (reason: Failed to read header from socket 0xd: errno 22 (Invalid argument))
polybar|error: module/i3: Failed to reconnect socket (reason: Failed to connect to i3: errno 111 (Connection refused))
polybar|warn:  module/i3: Attempting to reconnect socket (reason: Failed to read header from socket 0xd: errno 22 (Invalid argument))
polybar|warn:  Lost systray selection, deactivating...
polybar|warn:  module/i3: Attempting to reconnect socket (reason: Unexpected EOF while reading header)
polybar|error: tray: Failed to put tray above 0x4800002 in the stack (XCB_MATCH (8))
polybar|error: module/i3: Failed to reconnect socket (reason: Failed to read header from socket 0xd: errno 104 (Connection reset by peer))
polybar|warn:  module/i3: Attempting to reconnect socket (reason: Unexpected EOF while reading header)
polybar|error: module/i3: Failed to reconnect socket (reason: Failed to connect to i3: errno 111 (Connection refused))
polybar|warn:  module/i3: Attempting to reconnect socket (reason: Failed to read header from socket 0xd: errno 22 (Invalid argument))
polybar|error: module/i3: Failed to reconnect socket (reason: Failed to connect to i3: errno 111 (Connection refused))
polybar|warn:  module/i3: Attempting to reconnect socket (reason: Failed to read header from socket 0xd: errno 22 (Invalid argument))
polybar|error: module/i3: Failed to reconnect socket (reason: Failed to connect to i3: errno 111 (Connection refused))
polybar|warn:  module/i3: Attempting to reconnect socket (reason: Failed to read header from socket 0xd: errno 22 (Invalid argument))
polybar|error: module/i3: Failed to reconnect socket (reason: Failed to connect to i3: errno 111 (Connection refused))
polybar|warn:  module/i3: Attempting to reconnect socket (reason: Failed to read header from socket 0xd: errno 22 (Invalid argument))
polybar|error: module/i3: Failed to reconnect socket (reason: Failed to connect to i3: errno 111 (Connection refused))
polybar|warn:  module/i3: Attempting to reconnect socket (reason: Failed to read header from socket 0xd: errno 22 (Invalid argument))
polybar|error: module/i3: Failed to reconnect socket (reason: Failed to connect to i3: errno 111 (Connection refused))
polybar|warn:  module/i3: Attempting to reconnect socket (reason: Failed to read header from socket 0xd: errno 22 (Invalid argument))
polybar|error: module/i3: Failed to reconnect socket (reason: Failed to connect to i3: errno 111 (Connection refused))
polybar|warn:  module/i3: Attempting to reconnect socket (reason: Failed to read header from socket 0xd: errno 22 (Invalid argument))
polybar|warn:  Lost systray selection, deactivating...
polybar|error: tray: Failed to put tray above 0x4800002 in the stack (XCB_MATCH (8))
polybar|warn:  module/i3: Attempting to reconnect socket (reason: Unexpected EOF while reading header)
polybar|error: module/i3: Failed to reconnect socket (reason: Failed to read header from socket 0xd: errno 104 (Connection reset by peer))
polybar|warn:  module/i3: Attempting to reconnect socket (reason: Unexpected EOF while reading header)
polybar|error: module/i3: Failed to reconnect socket (reason: Failed to connect to i3: errno 111 (Connection refused))
polybar|warn:  module/i3: Attempting to reconnect socket (reason: Failed to read header from socket 0xd: errno 22 (Invalid argument))
polybar|error: module/i3: Failed to reconnect socket (reason: Failed to connect to i3: errno 111 (Connection refused))
polybar|warn:  module/i3: Attempting to reconnect socket (reason: Failed to read header from socket 0xd: errno 22 (Invalid argument))
polybar|error: module/i3: Failed to reconnect socket (reason: Failed to connect to i3: errno 111 (Connection refused))
polybar|warn:  module/i3: Attempting to reconnect socket (reason: Failed to read header from socket 0xd: errno 22 (Invalid argument))
polybar|error: module/i3: Failed to reconnect socket (reason: Failed to connect to i3: errno 111 (Connection refused))
polybar|warn:  module/i3: Attempting to reconnect socket (reason: Failed to read header from socket 0xd: errno 22 (Invalid argument))
polybar|warn:  Lost systray selection, deactivating...
polybar|error: tray: Failed to put tray above 0x4800002 in the stack (XCB_MATCH (8))
polybar|notice:  Termination signal received, shutting down...
polybar|warn:  module/i3: Attempting to reconnect socket (reason: Unexpected EOF while reading header)
